frontend/app/build/intermediates/manifest_merge_blame_file/release/manifest-merger-blame-release-report.txt
1<?xml version="1.0" encoding="utf-8"?>
2<manifest xmlns:android="http://schemas.android.com/apk/res/android"
3    package="com.example.app"
4    android:versionCode="1"
5    android:versionName="1.0" >
6
7    <uses-sdk
8        android:minSdkVersion="24"
9        android:targetSdkVersion="34" />
10
11    <uses-permission android:name="android.permission.INTERNET" />
11-->src\main\AndroidManifest.xml:4:5-67
11-->src\main\AndroidManifest.xml:4:22-64
12
13    <permission
13-->[androidx.core:core:1.12.0] AndroidManifest.xml:22:5-24:47
14        android:name="com.example.app.DYNAMIC_RECEIVER_NOT_EXPORTED_PERMISSION"
14-->[androidx.core:core:1.12.0] AndroidManifest.xml:23:9-81
15        android:protectionLevel="signature" />
15-->[androidx.core:core:1.12.0] AndroidManifest.xml:24:9-44
16
17    <uses-permission android:name="com.example.app.DYNAMIC_RECEIVER_NOT_EXPORTED_PERMISSION" />
17-->[androidx.core:core:1.12.0] AndroidManifest.xml:26:5-97
17-->[androidx.core:core:1.12.0] AndroidManifest.xml:26:22-94
18
19    <application
19-->src\main\AndroidManifest.xml:6:5-12:19
20        android:allowBackup="true"
20-->src\main\AndroidManifest.xml:7:9-35
21        android:appComponentFactory="androidx.core.app.CoreComponentFactory"
21-->[androidx.core:core:1.12.0] AndroidManifest.xml:28:18-86
22        android:extractNativeLibs="false"
23        android:label="@string/app_name"
23-->src\main\AndroidManifest.xml:8:9-41
24        android:supportsRtl="true"
24-->src\main\AndroidManifest.xml:9:9-35
25        android:theme="@style/Theme.MaterialComponents.DayNight.DarkActionBar"
25-->src\main\AndroidManifest.xml:10:9-79
26        android:usesCleartextTraffic="true" >
26-->src\main\AndroidManifest.xml:11:9-44
27        <provider
27-->[androidx.emoji2:emoji2:1.2.0] AndroidManifest.xml:24:9-32:20
28            android:name="androidx.startup.InitializationProvider"
28-->[androidx.emoji2:emoji2:1.2.0] AndroidManifest.xml:25:13-67
29            android:authorities="com.example.app.androidx-startup"
29-->[androidx.emoji2:emoji2:1.2.0] AndroidManifest.xml:26:13-68
30            android:exported="false" >
30-->[androidx.emoji2:emoji2:1.2.0] AndroidManifest.xml:27:13-37
31            <meta-data
31-->[androidx.emoji2:emoji2:1.2.0] AndroidManifest.xml:29:13-31:52
32                android:name="androidx.emoji2.text.EmojiCompatInitializer"
32-->[androidx.emoji2:emoji2:1.2.0] AndroidManifest.xml:30:17-75
33                android:value="androidx.startup" />
33-->[androidx.emoji2:emoji2:1.2.0] AndroidManifest.xml:31:17-49
34            <meta-data
34-->[androidx.lifecycle:lifecycle-process:2.6.2] AndroidManifest.xml:29:13-31:52
35                android:name="androidx.lifecycle.ProcessLifecycleInitializer"
35-->[androidx.lifecycle:lifecycle-process:2.6.2] AndroidManifest.xml:30:17-78
36                android:value="androidx.startup" />
36-->[androidx.lifecycle:lifecycle-process:2.6.2] AndroidManifest.xml:31:17-49
37            <meta-data
37-->[androidx.profileinstaller:profileinstaller:1.3.0] AndroidManifest.xml:29:13-31:52
38                android:name="androidx.profileinstaller.ProfileInstallerInitializer"
38-->[androidx.profileinstaller:profileinstaller:1.3.0] AndroidManifest.xml:30:17-85
39                android:value="androidx.startup" />
39-->[androidx.profileinstaller:profileinstaller:1.3.0] AndroidManifest.xml:31:17-49
40        </provider>
41
42        <receiver
42-->[androidx.profileinstaller:profileinstaller:1.3.0] AndroidManifest.xml:34:9-52:20
43            android:name="androidx.profileinstaller.ProfileInstallReceiver"
43-->[androidx.profileinstaller:profileinstaller:1.3.0] AndroidManifest.xml:35:13-76
44            android:directBootAware="false"
44-->[androidx.profileinstaller:profileinstaller:1.3.0] AndroidManifest.xml:36:13-44
45            android:enabled="true"
45-->[androidx.profileinstaller:profileinstaller:1.3.0] AndroidManifest.xml:37:13-35
46            android:exported="true"
46-->[androidx.profileinstaller:profileinstaller:1.3.0] AndroidManifest.xml:38:13-36
47            android:permission="android.permission.DUMP" >
47-->[androidx.profileinstaller:profileinstaller:1.3.0] AndroidManifest.xml:39:13-57
48            <intent-filter>
48-->[androidx.profileinstaller:profileinstaller:1.3.0] AndroidManifest.xml:40:13-42:29
49                <action android:name="androidx.profileinstaller.action.INSTALL_PROFILE" />
49-->[androidx.profileinstaller:profileinstaller:1.3.0] AndroidManifest.xml:41:17-91
49-->[androidx.profileinstaller:profileinstaller:1.3.0] AndroidManifest.xml:41:25-88
50            </intent-filter>
51            <intent-filter>
51-->[androidx.profileinstaller:profileinstaller:1.3.0] AndroidManifest.xml:43:13-45:29
52                <action android:name="androidx.profileinstaller.action.SKIP_FILE" />
52-->[androidx.profileinstaller:profileinstaller:1.3.0] AndroidManifest.xml:44:17-85
52-->[androidx.profileinstaller:profileinstaller:1.3.0] AndroidManifest.xml:44:25-82
53            </intent-filter>
54            <intent-filter>
54-->[androidx.profileinstaller:profileinstaller:1.3.0] AndroidManifest.xml:46:13-48:29
55                <action android:name="androidx.profileinstaller.action.SAVE_PROFILE" />
55-->[androidx.profileinstaller:profileinstaller:1.3.0] AndroidManifest.xml:47:17-88
55-->[androidx.profileinstaller:profileinstaller:1.3.0] AndroidManifest.xml:47:25-85
56            </intent-filter>
57            <intent-filter>
57-->[androidx.profileinstaller:profileinstaller:1.3.0] AndroidManifest.xml:49:13-51:29
58                <action android:name="androidx.profileinstaller.action.BENCHMARK_OPERATION" />
58-->[androidx.profileinstaller:profileinstaller:1.3.0] AndroidManifest.xml:50:17-95
58-->[androidx.profileinstaller:profileinstaller:1.3.0] AndroidManifest.xml:50:25-92
59            </intent-filter>
60        </receiver>
61    </application>
62
63</manifest>